05/15 15:44:19 - OpenCompass - [4m[97mINFO[0m - Task [qwen-14b-chat/lukaemon_mmlu_moral_disputes]
05/15 15:44:19 - OpenCompass - [4m[97mINFO[0m - Start inferencing [qwen-14b-chat/lukaemon_mmlu_moral_disputes]
  0%|                                                                                                 | 0/346 [00:00<?, ?it/s]100%|███████████████████████████████████████████████████████████████████████████████████████████████| 346/346 [00:00<?, ?it/s]
[2024-05-15 15:44:20,072] [opencompass.openicl.icl_inferencer.icl_gen_inferencer] [INFO] Starting inference process...
  0%|                                                                                                 | 0/173 [00:00<?, ?it/s]  1%|▌                                                                                        | 1/173 [00:01<04:29,  1.56s/it]  1%|█                                                                                        | 2/173 [00:03<04:15,  1.49s/it]  2%|█▌                                                                                       | 3/173 [00:04<04:02,  1.43s/it]  2%|██                                                                                       | 4/173 [00:05<03:54,  1.39s/it]  3%|██▌                                                                                      | 5/173 [00:06<03:48,  1.36s/it]  3%|███                                                                                      | 6/173 [00:08<04:23,  1.58s/it]  4%|███▌                                                                                     | 7/173 [00:10<04:35,  1.66s/it]  5%|████                                                                                     | 8/173 [00:14<06:18,  2.30s/it]  5%|████▋                                                                                    | 9/173 [00:16<05:44,  2.10s/it]  6%|█████                                                                                   | 10/173 [00:17<05:12,  1.92s/it]  6%|█████▌                                                                                  | 11/173 [00:19<05:05,  1.88s/it]  7%|██████                                                                                  | 12/173 [00:20<04:40,  1.74s/it]  8%|██████▌                                                                                 | 13/173 [00:22<04:31,  1.70s/it]  8%|███████                                                                                 | 14/173 [00:23<04:15,  1.61s/it]  9%|███████▋                                                                                | 15/173 [00:25<04:16,  1.62s/it]  9%|████████▏                                                                               | 16/173 [00:26<04:03,  1.55s/it] 10%|████████▋                                                                               | 17/173 [00:29<04:31,  1.74s/it] 10%|█████████▏                                                                              | 18/173 [00:30<04:31,  1.75s/it] 11%|█████████▋                                                                              | 19/173 [00:32<04:14,  1.65s/it] 12%|██████████▏                                                                             | 20/173 [00:33<04:08,  1.63s/it] 12%|██████████▋                                                                             | 21/173 [00:35<04:01,  1.59s/it] 13%|███████████▏                                                                            | 22/173 [00:37<04:18,  1.71s/it] 13%|███████████▋                                                                            | 23/173 [00:38<04:00,  1.60s/it] 14%|████████████▏                                                                           | 24/173 [00:40<03:51,  1.55s/it] 14%|████████████▋                                                                           | 25/173 [00:41<03:51,  1.56s/it] 15%|█████████████▏                                                                          | 26/173 [00:43<03:58,  1.62s/it] 16%|█████████████▋                                                                          | 27/173 [00:45<03:53,  1.60s/it] 16%|██████████████▏                                                                         | 28/173 [00:47<04:09,  1.72s/it] 17%|██████████████▊                                                                         | 29/173 [00:51<06:09,  2.57s/it] 17%|███████████████▎                                                                        | 30/173 [00:55<06:49,  2.87s/it] 18%|███████████████▊                                                                        | 31/173 [01:01<09:01,  3.81s/it] 18%|████████████████▎                                                                       | 32/173 [01:02<07:19,  3.12s/it] 19%|████████████████▊                                                                       | 33/173 [01:04<06:08,  2.63s/it] 20%|█████████████████▎                                                                      | 34/173 [01:05<05:18,  2.29s/it] 20%|█████████████████▊                                                                      | 35/173 [01:07<05:00,  2.18s/it] 21%|██████████████████▎                                                                     | 36/173 [01:09<04:30,  1.97s/it] 21%|██████████████████▊                                                                     | 37/173 [01:10<04:04,  1.80s/it] 22%|███████████████████▎                                                                    | 38/173 [01:12<03:52,  1.72s/it] 23%|███████████████████▊                                                                    | 39/173 [01:13<03:43,  1.67s/it] 23%|████████████████████▎                                                                   | 40/173 [01:15<03:38,  1.64s/it] 24%|████████████████████▊                                                                   | 41/173 [01:16<03:24,  1.55s/it] 24%|█████████████████████▎                                                                  | 42/173 [01:17<03:12,  1.47s/it] 25%|█████████████████████▊                                                                  | 43/173 [01:19<03:17,  1.52s/it] 25%|██████████████████████▍                                                                 | 44/173 [01:20<03:14,  1.50s/it] 26%|██████████████████████▉                                                                 | 45/173 [01:24<04:45,  2.23s/it] 27%|███████████████████████▍                                                                | 46/173 [01:27<04:50,  2.29s/it] 27%|███████████████████████▉                                                                | 47/173 [01:28<04:23,  2.09s/it] 28%|████████████████████████▍                                                               | 48/173 [01:30<04:03,  1.95s/it] 28%|████████████████████████▉                                                               | 49/173 [01:31<03:43,  1.80s/it] 29%|█████████████████████████▍                                                              | 50/173 [01:33<03:27,  1.69s/it] 29%|█████████████████████████▉                                                              | 51/173 [01:34<03:13,  1.59s/it] 30%|██████████████████████████▍                                                             | 52/173 [01:36<03:11,  1.58s/it] 31%|██████████████████████████▉                                                             | 53/173 [01:37<03:09,  1.58s/it] 31%|███████████████████████████▍                                                            | 54/173 [01:39<03:01,  1.53s/it] 32%|███████████████████████████▉                                                            | 55/173 [01:40<03:02,  1.55s/it] 32%|████████████████████████████▍                                                           | 56/173 [01:42<03:07,  1.60s/it] 33%|████████████████████████████▉                                                           | 57/173 [01:43<02:56,  1.52s/it] 34%|█████████████████████████████▌                                                          | 58/173 [01:45<03:00,  1.57s/it] 34%|██████████████████████████████                                                          | 59/173 [01:47<03:00,  1.59s/it] 35%|██████████████████████████████▌                                                         | 60/173 [01:48<02:57,  1.57s/it] 35%|███████████████████████████████                                                         | 61/173 [01:50<02:53,  1.55s/it] 36%|███████████████████████████████▌                                                        | 62/173 [01:51<02:43,  1.47s/it] 36%|████████████████████████████████                                                        | 63/173 [01:53<02:58,  1.62s/it] 37%|████████████████████████████████▌                                                       | 64/173 [01:55<03:00,  1.66s/it] 38%|█████████████████████████████████                                                       | 65/173 [01:56<02:49,  1.57s/it] 38%|█████████████████████████████████▌                                                      | 66/173 [02:01<04:43,  2.65s/it] 39%|██████████████████████████████████                                                      | 67/173 [02:03<04:04,  2.31s/it] 39%|██████████████████████████████████▌                                                     | 68/173 [02:04<03:38,  2.08s/it] 40%|███████████████████████████████████                                                     | 69/173 [02:06<03:13,  1.86s/it] 40%|███████████████████████████████████▌                                                    | 70/173 [02:07<02:56,  1.71s/it] 41%|████████████████████████████████████                                                    | 71/173 [02:08<02:44,  1.61s/it] 42%|████████████████████████████████████▌                                                   | 72/173 [02:10<02:46,  1.65s/it] 42%|█████████████████████████████████████▏                                                  | 73/173 [02:12<02:38,  1.59s/it] 43%|█████████████████████████████████████▋                                                  | 74/173 [02:13<02:33,  1.56s/it] 43%|██████████████████████████████████████▏                                                 | 75/173 [02:15<02:35,  1.59s/it] 44%|██████████████████████████████████████▋                                                 | 76/173 [02:16<02:27,  1.52s/it] 45%|███████████████████████████████████████▏                                                | 77/173 [02:18<02:27,  1.54s/it] 45%|███████████████████████████████████████▋                                                | 78/173 [02:19<02:27,  1.55s/it] 46%|████████████████████████████████████████▏                                               | 79/173 [02:21<02:16,  1.46s/it] 46%|████████████████████████████████████████▋                                               | 80/173 [02:22<02:26,  1.57s/it] 47%|█████████████████████████████████████████▏                                              | 81/173 [02:24<02:21,  1.54s/it] 47%|█████████████████████████████████████████▋                                              | 82/173 [02:25<02:22,  1.56s/it] 48%|██████████████████████████████████████████▏                                             | 83/173 [02:27<02:15,  1.50s/it] 49%|██████████████████████████████████████████▋                                             | 84/173 [02:28<02:09,  1.46s/it] 49%|███████████████████████████████████████████▏                                            | 85/173 [02:29<02:04,  1.42s/it] 50%|███████████████████████████████████████████▋                                            | 86/173 [02:31<02:09,  1.48s/it] 50%|████████████████████████████████████████████▎                                           | 87/173 [02:32<02:04,  1.45s/it] 51%|████████████████████████████████████████████▊                                           | 88/173 [02:35<02:36,  1.84s/it] 51%|█████████████████████████████████████████████▎                                          | 89/173 [02:43<05:11,  3.71s/it] 52%|█████████████████████████████████████████████▊                                          | 90/173 [02:47<05:18,  3.84s/it] 53%|██████████████████████████████████████████████▎                                         | 91/173 [02:49<04:17,  3.14s/it] 53%|██████████████████████████████████████████████▊                                         | 92/173 [02:50<03:32,  2.62s/it] 54%|███████████████████████████████████████████████▎                                        | 93/173 [02:52<03:12,  2.40s/it] 54%|███████████████████████████████████████████████▊                                        | 94/173 [02:54<02:46,  2.11s/it] 55%|████████████████████████████████████████████████▎                                       | 95/173 [02:55<02:26,  1.88s/it] 55%|████████████████████████████████████████████████▊                                       | 96/173 [02:56<02:13,  1.73s/it] 56%|█████████████████████████████████████████████████▎                                      | 97/173 [02:58<02:02,  1.61s/it] 57%|█████████████████████████████████████████████████▊                                      | 98/173 [02:59<01:59,  1.59s/it] 57%|██████████████████████████████████████████████████▎                                     | 99/173 [03:01<01:59,  1.62s/it] 58%|██████████████████████████████████████████████████▎                                    | 100/173 [03:02<01:56,  1.59s/it] 58%|██████████████████████████████████████████████████▊                                    | 101/173 [03:04<01:46,  1.48s/it] 59%|███████████████████████████████████████████████████▎                                   | 102/173 [03:05<01:49,  1.55s/it] 60%|███████████████████████████████████████████████████▊                                   | 103/173 [03:07<01:45,  1.51s/it] 60%|████████████████████████████████████████████████████▎                                  | 104/173 [03:08<01:43,  1.51s/it] 61%|████████████████████████████████████████████████████▊                                  | 105/173 [03:13<02:48,  2.47s/it] 61%|█████████████████████████████████████████████████████▎                                 | 106/173 [03:15<02:32,  2.27s/it] 62%|█████████████████████████████████████████████████████▊                                 | 107/173 [03:16<02:16,  2.07s/it] 62%|██████████████████████████████████████████████████████▎                                | 108/173 [03:18<02:05,  1.93s/it] 63%|██████████████████████████████████████████████████████▊                                | 109/173 [03:20<01:54,  1.79s/it] 64%|███████████████████████████████████████████████████████▎                               | 110/173 [03:21<01:48,  1.72s/it] 64%|███████████████████████████████████████████████████████▊                               | 111/173 [03:23<01:48,  1.74s/it] 65%|████████████████████████████████████████████████████████▎                              | 112/173 [03:25<01:48,  1.77s/it] 65%|████████████████████████████████████████████████████████▊                              | 113/173 [03:26<01:37,  1.63s/it] 66%|█████████████████████████████████████████████████████████▎                             | 114/173 [03:28<01:39,  1.69s/it] 66%|█████████████████████████████████████████████████████████▊                             | 115/173 [03:29<01:37,  1.68s/it] 67%|██████████████████████████████████████████████████████████▎                            | 116/173 [03:31<01:30,  1.58s/it] 68%|██████████████████████████████████████████████████████████▊                            | 117/173 [03:32<01:28,  1.57s/it] 68%|███████████████████████████████████████████████████████████▎                           | 118/173 [03:34<01:25,  1.55s/it] 69%|███████████████████████████████████████████████████████████▊                           | 119/173 [03:36<01:25,  1.58s/it] 69%|████████████████████████████████████████████████████████████▎                          | 120/173 [03:38<01:30,  1.70s/it] 70%|████████████████████████████████████████████████████████████▊                          | 121/173 [03:39<01:28,  1.71s/it] 71%|█████████████████████████████████████████████████████████████▎                         | 122/173 [03:41<01:21,  1.61s/it] 71%|█████████████████████████████████████████████████████████████▊                         | 123/173 [03:42<01:20,  1.62s/it] 72%|██████████████████████████████████████████████████████████████▎                        | 124/173 [03:44<01:24,  1.73s/it] 72%|██████████████████████████████████████████████████████████████▊                        | 125/173 [03:46<01:27,  1.83s/it] 73%|███████████████████████████████████████████████████████████████▎                       | 126/173 [03:49<01:36,  2.06s/it] 73%|███████████████████████████████████████████████████████████████▊                       | 127/173 [03:51<01:34,  2.05s/it] 74%|████████████████████████████████████████████████████████████████▎                      | 128/173 [03:52<01:24,  1.88s/it] 75%|████████████████████████████████████████████████████████████████▊                      | 129/173 [03:54<01:22,  1.89s/it] 75%|█████████████████████████████████████████████████████████████████▍                     | 130/173 [03:56<01:14,  1.74s/it] 76%|█████████████████████████████████████████████████████████████████▉                     | 131/173 [03:57<01:11,  1.71s/it] 76%|██████████████████████████████████████████████████████████████████▍                    | 132/173 [03:59<01:08,  1.67s/it] 77%|██████████████████████████████████████████████████████████████████▉                    | 133/173 [04:01<01:09,  1.73s/it] 77%|███████████████████████████████████████████████████████████████████▍                   | 134/173 [04:02<01:03,  1.64s/it] 78%|███████████████████████████████████████████████████████████████████▉                   | 135/173 [04:04<01:03,  1.67s/it] 79%|████████████████████████████████████████████████████████████████████▍                  | 136/173 [04:06<01:00,  1.65s/it] 79%|████████████████████████████████████████████████████████████████████▉                  | 137/173 [04:08<01:06,  1.84s/it] 80%|█████████████████████████████████████████████████████████████████████▍                 | 138/173 [04:09<01:01,  1.75s/it] 80%|█████████████████████████████████████████████████████████████████████▉                 | 139/173 [04:11<00:55,  1.64s/it] 81%|██████████████████████████████████████████████████████████████████████▍                | 140/173 [04:12<00:51,  1.56s/it] 82%|██████████████████████████████████████████████████████████████████████▉                | 141/173 [04:14<00:48,  1.51s/it] 82%|███████████████████████████████████████████████████████████████████████▍               | 142/173 [04:15<00:48,  1.57s/it] 83%|███████████████████████████████████████████████████████████████████████▉               | 143/173 [04:17<00:51,  1.71s/it] 83%|████████████████████████████████████████████████████████████████████████▍              | 144/173 [04:19<00:47,  1.62s/it] 84%|████████████████████████████████████████████████████████████████████████▉              | 145/173 [04:20<00:45,  1.61s/it] 84%|████████████████████████████████████████████████████████████████████████▉              | 145/173 [04:34<00:53,  1.90s/it]
Traceback (most recent call last):
  File "C:\Users\ShuttleChaser\anaconda3\envs\opencompass\lib\site-packages\urllib3\connectionpool.py", line 790, in urlopen
    response = self._make_request(
  File "C:\Users\ShuttleChaser\anaconda3\envs\opencompass\lib\site-packages\urllib3\connectionpool.py", line 536, in _make_request
    response = conn.getresponse()
  File "C:\Users\ShuttleChaser\anaconda3\envs\opencompass\lib\site-packages\urllib3\connection.py", line 461, in getresponse
    httplib_response = super().getresponse()
  File "C:\Users\ShuttleChaser\anaconda3\envs\opencompass\lib\http\client.py", line 1375, in getresponse
    response.begin()
  File "C:\Users\ShuttleChaser\anaconda3\envs\opencompass\lib\http\client.py", line 318, in begin
    version, status, reason = self._read_status()
  File "C:\Users\ShuttleChaser\anaconda3\envs\opencompass\lib\http\client.py", line 287, in _read_status
    raise RemoteDisconnected("Remote end closed connection without"
http.client.RemoteDisconnected: Remote end closed connection without response

The above exception was the direct cause of the following exception:

urllib3.exceptions.ProxyError: ('Unable to connect to proxy', RemoteDisconnected('Remote end closed connection without response'))

The above exception was the direct cause of the following exception:

Traceback (most recent call last):
  File "C:\Users\ShuttleChaser\anaconda3\envs\opencompass\lib\site-packages\requests\adapters.py", line 486, in send
    resp = conn.urlopen(
  File "C:\Users\ShuttleChaser\anaconda3\envs\opencompass\lib\site-packages\urllib3\connectionpool.py", line 844, in urlopen
    retries = retries.increment(
  File "C:\Users\ShuttleChaser\anaconda3\envs\opencompass\lib\site-packages\urllib3\util\retry.py", line 515, in increment
    raise MaxRetryError(_pool, url, reason) from reason  # type: ignore[arg-type]
urllib3.exceptions.MaxRetryError: HTTPSConnectionPool(host='acv-gydn.baocloud.cn', port=443): Max retries exceeded with url: /acv-service/service/api/6000002067298078/v1/predict/openaiapi/v1/chat/completions (Caused by ProxyError('Unable to connect to proxy', RemoteDisconnected('Remote end closed connection without response')))

During handling of the above exception, another exception occurred:

Traceback (most recent call last):
  File "C:\Users\ShuttleChaser\Documents\python_script\LLM\opencompass\opencompass\runners\local_api.py", line 122, in launch
    inferencer.run(inferencer, tokens)
  File "C:\Users\ShuttleChaser\Documents\python_script\LLM\opencompass\opencompass\runners\local_api.py", line 52, in monkey_run
    self._inference()
  File "C:\Users\ShuttleChaser\Documents\python_script\LLM\opencompass\opencompass\tasks\openicl_infer.py", line 129, in _inference
    inferencer.inference(retriever,
  File "C:\Users\ShuttleChaser\Documents\python_script\LLM\opencompass\opencompass\openicl\icl_inferencer\icl_gen_inferencer.py", line 146, in inference
    results = self.model.generate_from_template(
  File "C:\Users\ShuttleChaser\Documents\python_script\LLM\opencompass\opencompass\models\base.py", line 165, in generate_from_template
    return self.generate(inputs, max_out_len=max_out_len, **kwargs)
  File "C:\Users\ShuttleChaser\Documents\python_script\LLM\opencompass\opencompass\models\qwen_api_lgl.py", line 78, in generate
    result = self._generate(input_i, max_out_len)
  File "C:\Users\ShuttleChaser\Documents\python_script\LLM\opencompass\opencompass\models\qwen_api_lgl.py", line 153, in _generate
    response = requests.post(self.requesturl, json=data, headers=headers)
  File "C:\Users\ShuttleChaser\anaconda3\envs\opencompass\lib\site-packages\requests\api.py", line 115, in post
    return request("post", url, data=data, json=json, **kwargs)
  File "C:\Users\ShuttleChaser\anaconda3\envs\opencompass\lib\site-packages\requests\api.py", line 59, in request
    return session.request(method=method, url=url, **kwargs)
  File "C:\Users\ShuttleChaser\anaconda3\envs\opencompass\lib\site-packages\requests\sessions.py", line 589, in request
    resp = self.send(prep, **send_kwargs)
  File "C:\Users\ShuttleChaser\anaconda3\envs\opencompass\lib\site-packages\requests\sessions.py", line 703, in send
    r = adapter.send(request, **kwargs)
  File "C:\Users\ShuttleChaser\anaconda3\envs\opencompass\lib\site-packages\requests\adapters.py", line 513, in send
    raise ProxyError(e, request=request)
requests.exceptions.ProxyError: HTTPSConnectionPool(host='acv-gydn.baocloud.cn', port=443): Max retries exceeded with url: /acv-service/service/api/6000002067298078/v1/predict/openaiapi/v1/chat/completions (Caused by ProxyError('Unable to connect to proxy', RemoteDisconnected('Remote end closed connection without response')))
